<?xml version="1.0" encoding="UTF-8" ?>
<testsuite tests="43" failures="12" name="TestSuite" time="2,158.746" errors="0" skipped="29">
  <properties>
    <property name="java.runtime.name" value="Java(TM) SE Runtime Environment"/>
    <property name="sun.boot.library.path" value="C:\Program Files\Java\jdk1.8.0_101\jre\bin"/>
    <property name="java.vm.version" value="25.101-b13"/>
    <property name="java.vm.vendor" value="Oracle Corporation"/>
    <property name="maven.multiModuleProjectDirectory" value="C:\Users\artur.petin\IdeaProjects\STATR"/>
    <property name="java.vendor.url" value="http://java.oracle.com/"/>
    <property name="path.separator" value=";"/>
    <property name="guice.disable.misplaced.annotation.check" value="true"/>
    <property name="java.vm.name" value="Java HotSpot(TM) 64-Bit Server VM"/>
    <property name="file.encoding.pkg" value="sun.io"/>
    <property name="user.script" value=""/>
    <property name="user.country" value="RU"/>
    <property name="sun.java.launcher" value="SUN_STANDARD"/>
    <property name="sun.os.patch.level" value="Service Pack 1"/>
    <property name="java.vm.specification.name" value="Java Virtual Machine Specification"/>
    <property name="user.dir" value="C:\Users\artur.petin\IdeaProjects\STATR"/>
    <property name="java.runtime.version" value="1.8.0_101-b13"/>
    <property name="java.awt.graphicsenv" value="sun.awt.Win32GraphicsEnvironment"/>
    <property name="java.endorsed.dirs" value="C:\Program Files\Java\jdk1.8.0_101\jre\lib\endorsed"/>
    <property name="os.arch" value="amd64"/>
    <property name="java.io.tmpdir" value="C:\Users\ARTUR~1.PET\AppData\Local\Temp\"/>
    <property name="line.separator" value="
"/>
    <property name="java.vm.specification.vendor" value="Oracle Corporation"/>
    <property name="user.variant" value=""/>
    <property name="os.name" value="Windows 7"/>
    <property name="classworlds.conf" value="C:\Program Files\maven\apache-maven-3.5.2\bin\..\bin\m2.conf"/>
    <property name="sun.jnu.encoding" value="Cp1251"/>
    <property name="java.library.path" value="C:\Program Files\Java\jdk1.8.0_101\bin;C:\Windows\Sun\Java\bin;C:\Windows\system32;C:\Windows;C:\Program Files\Java\jdk1.8.0_101\\bin;C:\ProgramData\Oracle\Java\javapath;C:\Program Files (x86)\Intel\iCLS Client\;C:\Program Files\Intel\iCLS Client\;C:\Program Files (x86)\AMD APP\bin\x86_64;C:\Program Files (x86)\AMD APP\bin\x86;C:\Windows\system32;C:\Windows;C:\Windows\System32\Wbem;C:\Program Files\Intel\Intel(R) Management Engine Components\DAL;C:\Program Files\Intel\Intel(R) Management Engine Components\IPT;C:\Program Files (x86)\Intel\Intel(R) Management Engine Components\DAL;C:\Program Files (x86)\Intel\Intel(R) Management Engine Components\IPT;C:\Program Files (x86)\Intel\OpenCL SDK\2.0\bin\x86;C:\Program Files (x86)\Intel\OpenCL SDK\2.0\bin\x64;C:\Program Files\OmniBack\bin\;C:\Program Files\Microsoft\Web Platform Installer\;C:\Program Files (x86)\Microsoft ASP.NET\ASP.NET Web Pages\v1.0\;C:\Program Files (x86)\Windows Kits\8.0\Windows Performance Toolkit\;C:\Program Files\Microsoft SQL Server\110\Tools\Binn\;C:\Program Files (x86)\Skype\Phone\;C:\Program Files\nodejs\;C:\Program Files\Git\cmd;C:\Windows\System32\WindowsPowerShell\v1.0\;C:\Windows\System32\WindowsPowerShell\v1.0\;C:\Program Files\maven\apache-maven-3.5.2\bin;C:\Users\artur.petin\scoop\shims;C:\Users\artur.petin\AppData\Roaming\npm;."/>
    <property name="maven.conf" value="C:\Program Files\maven\apache-maven-3.5.2\bin\../conf"/>
    <property name="java.specification.name" value="Java Platform API Specification"/>
    <property name="java.class.version" value="52.0"/>
    <property name="sun.management.compiler" value="HotSpot 64-Bit Tiered Compilers"/>
    <property name="os.version" value="6.1"/>
    <property name="library.jansi.path" value="C:\Program Files\maven\apache-maven-3.5.2\bin\..\lib\jansi-native"/>
    <property name="user.home" value="C:\Users\artur.petin"/>
    <property name="user.timezone" value="Europe/Moscow"/>
    <property name="java.awt.printerjob" value="sun.awt.windows.WPrinterJob"/>
    <property name="java.specification.version" value="1.8"/>
    <property name="file.encoding" value="Cp1251"/>
    <property name="user.name" value="artur.petin"/>
    <property name="java.class.path" value="C:\Program Files\maven\apache-maven-3.5.2\bin\..\boot\plexus-classworlds-2.5.2.jar"/>
    <property name="java.vm.specification.version" value="1.8"/>
    <property name="sun.arch.data.model" value="64"/>
    <property name="java.home" value="C:\Program Files\Java\jdk1.8.0_101\jre"/>
    <property name="sun.java.command" value="org.codehaus.plexus.classworlds.launcher.Launcher clean test"/>
    <property name="java.specification.vendor" value="Oracle Corporation"/>
    <property name="user.language" value="ru"/>
    <property name="awt.toolkit" value="sun.awt.windows.WToolkit"/>
    <property name="java.vm.info" value="mixed mode"/>
    <property name="java.version" value="1.8.0_101"/>
    <property name="java.ext.dirs" value="C:\Program Files\Java\jdk1.8.0_101\jre\lib\ext;C:\Windows\Sun\Java\lib\ext"/>
    <property name="sun.boot.class.path" value="C:\Program Files\Java\jdk1.8.0_101\jre\lib\resources.jar;C:\Program Files\Java\jdk1.8.0_101\jre\lib\rt.jar;C:\Program Files\Java\jdk1.8.0_101\jre\lib\sunrsasign.jar;C:\Program Files\Java\jdk1.8.0_101\jre\lib\jsse.jar;C:\Program Files\Java\jdk1.8.0_101\jre\lib\jce.jar;C:\Program Files\Java\jdk1.8.0_101\jre\lib\charsets.jar;C:\Program Files\Java\jdk1.8.0_101\jre\lib\jfr.jar;C:\Program Files\Java\jdk1.8.0_101\jre\classes"/>
    <property name="sun.stderr.encoding" value="cp866"/>
    <property name="java.vendor" value="Oracle Corporation"/>
    <property name="maven.home" value="C:\Program Files\maven\apache-maven-3.5.2\bin\.."/>
    <property name="file.separator" value="\"/>
    <property name="java.vendor.url.bug" value="http://bugreport.sun.com/bugreport/"/>
    <property name="sun.cpu.endian" value="little"/>
    <property name="sun.io.unicode.encoding" value="UnicodeLittle"/>
    <property name="sun.stdout.encoding" value="cp866"/>
    <property name="sun.desktop" value="windows"/>
    <property name="sun.cpu.isalist" value="amd64"/>
  </properties>
  <testcase classname="ru.stqa.pft.statr.tests.TestCurrentSituation" name="testCurrentSituation" time="3.299">
    <failure message="expected [true] but found [false]" type="java.lang.AssertionError">java.lang.AssertionError: expected [true] but found [false]
	at org.testng.Assert.fail(Assert.java:93)
	at org.testng.Assert.failNotEquals(Assert.java:512)
	at org.testng.Assert.assertTrue(Assert.java:41)
	at org.testng.Assert.assertTrue(Assert.java:51)
	at ru.stqa.pft.statr.appmanager.ApplicationManager.vereficryCurrentSituatuin(ApplicationManager.java:109)
	at ru.stqa.pft.statr.tests.TestCurrentSituation.testCurrentSituation(TestCurrentSituation.java:13)
</failure>
    <system-out>Configuring TestNG with: org.apache.maven.surefire.testng.conf.TestNG652Configurator@4141d797
</system-out>
    <system-err>Starting ChromeDriver 2.28.455520 (cc17746adff54984afff480136733114c6b3704b) on port 20795
Only local connections are allowed.
янв 15, 2018 2:03:45 PM org.openqa.selenium.remote.ProtocolHandshake createSession
INFO: Detected dialect: OSS
</system-err>
  </testcase>
  <testcase classname="ru.stqa.pft.statr.tests.Form.TestForms" name="testOpen" time="46.261">
    <failure type="java.lang.NullPointerException">java.lang.NullPointerException
	at ru.stqa.pft.statr.appmanager.ApplicationManager.goToFormPage(ApplicationManager.java:136)
	at ru.stqa.pft.statr.tests.Form.TestForms.testOpen(TestForms.java:11)
</failure>
    <system-err>Starting ChromeDriver 2.28.455520 (cc17746adff54984afff480136733114c6b3704b) on port 21880
Only local connections are allowed.
янв 15, 2018 2:03:58 PM org.openqa.selenium.remote.ProtocolHandshake createSession
INFO: Detected dialect: OSS
</system-err>
  </testcase>
  <testcase classname="ru.stqa.pft.statr.tests.testforms.TestDannue" name="testDannue" time="2.076"/>
  <testcase classname="ru.stqa.pft.statr.tests.GenDocument.TestGenDocument" name="testGenDocument" time="454.146">
    <failure type="java.lang.NullPointerException">java.lang.NullPointerException
	at ru.stqa.pft.statr.appmanager.ApplicationManager.goToGenDocument(ApplicationManager.java:144)
	at ru.stqa.pft.statr.tests.GenDocument.TestGenDocument.testGenDocument(TestGenDocument.java:13)
</failure>
    <system-err>Starting ChromeDriver 2.28.455520 (cc17746adff54984afff480136733114c6b3704b) on port 18178
Only local connections are allowed.
янв 15, 2018 2:04:59 PM org.openqa.selenium.remote.ProtocolHandshake createSession
INFO: Detected dialect: OSS
</system-err>
  </testcase>
  <testcase classname="ru.stqa.pft.statr.tests.testforms.TestEight" name="testStatistics" time="15.536"/>
  <testcase classname="ru.stqa.pft.statr.tests.GenReports.TestGenReports" name="testGenReports" time="21.927">
    <failure type="java.lang.NullPointerException">java.lang.NullPointerException
	at ru.stqa.pft.statr.appmanager.ApplicationManager.goToGenReports(ApplicationManager.java:667)
	at ru.stqa.pft.statr.tests.GenReports.TestGenReports.testGenReports(TestGenReports.java:9)
</failure>
    <system-err>Starting ChromeDriver 2.28.455520 (cc17746adff54984afff480136733114c6b3704b) on port 42176
Only local connections are allowed.
янв 15, 2018 2:13:00 PM org.openqa.selenium.remote.ProtocolHandshake createSession
INFO: Detected dialect: OSS
</system-err>
  </testcase>
  <testcase classname="ru.stqa.pft.statr.tests.testforms.TestEighteen" name="testStatistics" time="38.132">
    <failure type="java.lang.NullPointerException">java.lang.NullPointerException
	at ru.stqa.pft.statr.appmanager.ApplicationManager.proverka280(ApplicationManager.java:476)
	at ru.stqa.pft.statr.tests.testforms.TestEighteen.testStatistics(TestEighteen.java:14)
</failure>
    <system-err>Starting ChromeDriver 2.28.455520 (cc17746adff54984afff480136733114c6b3704b) on port 10860
Only local connections are allowed.
янв 15, 2018 2:13:27 PM org.openqa.selenium.remote.ProtocolHandshake createSession
INFO: Detected dialect: OSS
</system-err>
  </testcase>
  <testcase classname="ru.stqa.pft.statr.tests.Reference.TestReference" name="testReference" time="44.954">
    <failure type="java.lang.NullPointerException">java.lang.NullPointerException
	at ru.stqa.pft.statr.appmanager.ApplicationManager.goToReference(ApplicationManager.java:121)
	at ru.stqa.pft.statr.tests.Reference.TestReference.testReference(TestReference.java:12)
</failure>
    <system-err>Starting ChromeDriver 2.28.455520 (cc17746adff54984afff480136733114c6b3704b) on port 30357
Only local connections are allowed.
янв 15, 2018 2:14:10 PM org.openqa.selenium.remote.ProtocolHandshake createSession
INFO: Detected dialect: OSS
</system-err>
  </testcase>
  <testcase classname="ru.stqa.pft.statr.tests.testforms.TestEleven" name="testStatistics" time="90.619">
    <failure type="java.lang.NullPointerException">java.lang.NullPointerException
	at ru.stqa.pft.statr.appmanager.ApplicationManager.proverka244(ApplicationManager.java:356)
	at ru.stqa.pft.statr.tests.testforms.TestEleven.testStatistics(TestEleven.java:14)
</failure>
    <system-err>Starting ChromeDriver 2.28.455520 (cc17746adff54984afff480136733114c6b3704b) on port 48205
Only local connections are allowed.
янв 15, 2018 2:15:01 PM org.openqa.selenium.remote.ProtocolHandshake createSession
INFO: Detected dialect: OSS
</system-err>
  </testcase>
  <testcase classname="ru.stqa.pft.statr.tests.status.TestStatus" name="testStatus" time="10.686">
    <failure type="java.lang.NullPointerException">java.lang.NullPointerException
	at ru.stqa.pft.statr.appmanager.ApplicationManager.goToStatus(ApplicationManager.java:118)
	at ru.stqa.pft.statr.tests.status.TestStatus.testStatus(TestStatus.java:13)
</failure>
    <system-err>Starting ChromeDriver 2.28.455520 (cc17746adff54984afff480136733114c6b3704b) on port 42944
Only local connections are allowed.
янв 15, 2018 2:16:37 PM org.openqa.selenium.remote.ProtocolHandshake createSession
INFO: Detected dialect: OSS
</system-err>
  </testcase>
  <testcase classname="ru.stqa.pft.statr.tests.testforms.TestFifteen" name="testStatistics" time="93.251">
    <failure type="java.lang.NullPointerException">java.lang.NullPointerException
	at ru.stqa.pft.statr.appmanager.ApplicationManager.proverka251(ApplicationManager.java:428)
	at ru.stqa.pft.statr.tests.testforms.TestFifteen.testStatistics(TestFifteen.java:14)
</failure>
    <system-err>Starting ChromeDriver 2.28.455520 (cc17746adff54984afff480136733114c6b3704b) on port 32978
Only local connections are allowed.
янв 15, 2018 2:16:54 PM org.openqa.selenium.remote.ProtocolHandshake createSession
INFO: Detected dialect: OSS
</system-err>
  </testcase>
  <testcase classname="ru.stqa.pft.statr.tests.testforms.TestFive" name="testStatistics" time="26.512">
    <failure type="java.lang.NullPointerException">java.lang.NullPointerException
	at ru.stqa.pft.statr.appmanager.ApplicationManager.proverka070(ApplicationManager.java:260)
	at ru.stqa.pft.statr.tests.testforms.TestFive.testStatistics(TestFive.java:14)
</failure>
    <system-err>Starting ChromeDriver 2.28.455520 (cc17746adff54984afff480136733114c6b3704b) on port 27512
Only local connections are allowed.
янв 15, 2018 2:18:32 PM org.openqa.selenium.remote.ProtocolHandshake createSession
INFO: Detected dialect: OSS
</system-err>
  </testcase>
  <testcase classname="ru.stqa.pft.statr.tests.testforms.TestFour" name="testStatistics" time="36.909">
    <failure type="java.lang.NullPointerException">java.lang.NullPointerException
	at ru.stqa.pft.statr.appmanager.ApplicationManager.proverka064(ApplicationManager.java:244)
	at ru.stqa.pft.statr.tests.testforms.TestFour.testStatistics(TestFour.java:14)
</failure>
    <system-err>Starting ChromeDriver 2.28.455520 (cc17746adff54984afff480136733114c6b3704b) on port 35390
Only local connections are allowed.
янв 15, 2018 2:19:03 PM org.openqa.selenium.remote.ProtocolHandshake createSession
INFO: Detected dialect: OSS
</system-err>
  </testcase>
  <testcase classname="ru.stqa.pft.statr.tests.testforms.TestFourteen" name="setUp" time="42.478">
    <failure message="unknown error: Element &lt;button ng-disabled=&quot;user.user.length &lt;= 0 || user.pwd.length &lt;= 0 || logining&quot; style=&quot;margin-right: 5px;&quot; type=&quot;submit&quot; id=&quot;btn-login&quot; href=&quot;#&quot; class=&quot;btn btn-success pull-right&quot;&gt;...&lt;/button&gt; is not clickable at point (1346, 266). Other element would receive the click: &lt;form id=&quot;loginform&quot; class=&quot;form-horizontal ng-valid ng-dirty ng-valid-parse&quot; role=&quot;form&quot; ng-submit=&quot;submit()&quot;&gt;...&lt;/form&gt;
  (Session info: chrome=57.0.2987.98)
  (Driver info: chromedriver=2.28.455520 (cc17746adff54984afff480136733114c6b3704b),platform=Windows NT 6.1.7601 SP1 x86_64) (WARNING: The server did not provide any stacktrace information)
Command duration or timeout: 87 milliseconds
Build info: version: &apos;3.4.0&apos;, revision: &apos;unknown&apos;, time: &apos;unknown&apos;
System info: host: &apos;ARTUR-PETIN&apos;, ip: &apos;192.168.5.182&apos;, os.name: &apos;Windows 7&apos;, os.arch: &apos;amd64&apos;, os.version: &apos;6.1&apos;, java.version: &apos;1.8.0_101&apos;
Driver info: org.openqa.selenium.chrome.ChromeDriver
Capabilities [{applicationCacheEnabled=false, rotatable=false, mobileEmulationEnabled=false, networkConnectionEnabled=false, chrome={chromedriverVersion=2.28.455520 (cc17746adff54984afff480136733114c6b3704b), userDataDir=C:\Users\ARTUR~1.PET\AppData\Local\Temp\scoped_dir4684_30166}, takesHeapSnapshot=true, pageLoadStrategy=normal, databaseEnabled=false, handlesAlerts=true, hasTouchScreen=false, version=57.0.2987.98, platform=XP, browserConnectionEnabled=false, nativeEvents=true, acceptSslCerts=true, locationContextEnabled=true, webStorageEnabled=true, browserName=chrome, takesScreenshot=true, javascriptEnabled=true, cssSelectorsEnabled=true, unexpectedAlertBehaviour=}]
Session ID: 1a33e46b6acb2e286bbe87b3c13aae5a" type="org.openqa.selenium.WebDriverException">org.openqa.selenium.WebDriverException: unknown error: Element &lt;button ng-disabled=&quot;user.user.length &lt;= 0 || user.pwd.length &lt;= 0 || logining&quot; style=&quot;margin-right: 5px;&quot; type=&quot;submit&quot; id=&quot;btn-login&quot; href=&quot;#&quot; class=&quot;btn btn-success pull-right&quot;&gt;...&lt;/button&gt; is not clickable at point (1346, 266). Other element would receive the click: &lt;form id=&quot;loginform&quot; class=&quot;form-horizontal ng-valid ng-dirty ng-valid-parse&quot; role=&quot;form&quot; ng-submit=&quot;submit()&quot;&gt;...&lt;/form&gt;
  (Session info: chrome=57.0.2987.98)
  (Driver info: chromedriver=2.28.455520 (cc17746adff54984afff480136733114c6b3704b),platform=Windows NT 6.1.7601 SP1 x86_64) (WARNING: The server did not provide any stacktrace information)
Command duration or timeout: 87 milliseconds
Build info: version: &apos;3.4.0&apos;, revision: &apos;unknown&apos;, time: &apos;unknown&apos;
System info: host: &apos;ARTUR-PETIN&apos;, ip: &apos;192.168.5.182&apos;, os.name: &apos;Windows 7&apos;, os.arch: &apos;amd64&apos;, os.version: &apos;6.1&apos;, java.version: &apos;1.8.0_101&apos;
Driver info: org.openqa.selenium.chrome.ChromeDriver
Capabilities [{applicationCacheEnabled=false, rotatable=false, mobileEmulationEnabled=false, networkConnectionEnabled=false, chrome={chromedriverVersion=2.28.455520 (cc17746adff54984afff480136733114c6b3704b), userDataDir=C:\Users\ARTUR~1.PET\AppData\Local\Temp\scoped_dir4684_30166}, takesHeapSnapshot=true, pageLoadStrategy=normal, databaseEnabled=false, handlesAlerts=true, hasTouchScreen=false, version=57.0.2987.98, platform=XP, browserConnectionEnabled=false, nativeEvents=true, acceptSslCerts=true, locationContextEnabled=true, webStorageEnabled=true, browserName=chrome, takesScreenshot=true, javascriptEnabled=true, cssSelectorsEnabled=true, unexpectedAlertBehaviour=}]
Session ID: 1a33e46b6acb2e286bbe87b3c13aae5a
	at sun.reflect.NativeConstructorAccessorImpl.newInstance0(Native Method)
	at sun.reflect.NativeConstructorAccessorImpl.newInstance(NativeConstructorAccessorImpl.java:62)
	at sun.reflect.DelegatingConstructorAccessorImpl.newInstance(DelegatingConstructorAccessorImpl.java:45)
	at java.lang.reflect.Constructor.newInstance(Constructor.java:423)
	at org.openqa.selenium.remote.ErrorHandler.createThrowable(ErrorHandler.java:215)
	at org.openqa.selenium.remote.ErrorHandler.throwIfResponseFailed(ErrorHandler.java:167)
	at org.openqa.selenium.remote.RemoteWebDriver.execute(RemoteWebDriver.java:671)
	at org.openqa.selenium.remote.RemoteWebElement.execute(RemoteWebElement.java:272)
	at org.openqa.selenium.remote.RemoteWebElement.click(RemoteWebElement.java:82)
	at ru.stqa.pft.statr.appmanager.ApplicationManager.login(ApplicationManager.java:96)
	at ru.stqa.pft.statr.appmanager.ApplicationManager.init(ApplicationManager.java:85)
	at ru.stqa.pft.statr.tests.TestBase.setUp(TestBase.java:18)
	at sun.reflect.NativeMethodAccessorImpl.invoke0(Native Method)
	at sun.reflect.NativeMethodAccessorImpl.invoke(NativeMethodAccessorImpl.java:62)
	at sun.reflect.DelegatingMethodAccessorImpl.invoke(DelegatingMethodAccessorImpl.java:43)
	at java.lang.reflect.Method.invoke(Method.java:498)
	at org.testng.internal.MethodInvocationHelper.invokeMethod(MethodInvocationHelper.java:108)
	at org.testng.internal.Invoker.invokeConfigurationMethod(Invoker.java:523)
	at org.testng.internal.Invoker.invokeConfigurations(Invoker.java:224)
	at org.testng.internal.Invoker.invokeMethod(Invoker.java:599)
	at org.testng.internal.Invoker.invokeTestMethod(Invoker.java:869)
	at org.testng.internal.Invoker.invokeTestMethods(Invoker.java:1193)
	at org.testng.internal.TestMethodWorker.invokeTestMethods(TestMethodWorker.java:126)
	at org.testng.internal.TestMethodWorker.run(TestMethodWorker.java:109)
	at org.testng.TestRunner.privateRun(TestRunner.java:744)
	at org.testng.TestRunner.run(TestRunner.java:602)
	at org.testng.SuiteRunner.runTest(SuiteRunner.java:380)
	at org.testng.SuiteRunner.runSequentially(SuiteRunner.java:375)
	at org.testng.SuiteRunner.privateRun(SuiteRunner.java:340)
	at org.testng.SuiteRunner.run(SuiteRunner.java:289)
	at org.testng.SuiteRunnerWorker.runSuite(SuiteRunnerWorker.java:52)
	at org.testng.SuiteRunnerWorker.run(SuiteRunnerWorker.java:86)
	at org.testng.TestNG.runSuitesSequentially(TestNG.java:1301)
	at org.testng.TestNG.runSuitesLocally(TestNG.java:1226)
	at org.testng.TestNG.runSuites(TestNG.java:1144)
	at org.testng.TestNG.run(TestNG.java:1115)
	at org.apache.maven.surefire.testng.TestNGExecutor.run(TestNGExecutor.java:77)
	at org.apache.maven.surefire.testng.TestNGDirectoryTestSuite.executeMulti(TestNGDirectoryTestSuite.java:159)
	at org.apache.maven.surefire.testng.TestNGDirectoryTestSuite.execute(TestNGDirectoryTestSuite.java:99)
	at org.apache.maven.surefire.testng.TestNGProvider.invoke(TestNGProvider.java:106)
	at sun.reflect.NativeMethodAccessorImpl.invoke0(Native Method)
	at sun.reflect.NativeMethodAccessorImpl.invoke(NativeMethodAccessorImpl.java:62)
	at sun.reflect.DelegatingMethodAccessorImpl.invoke(DelegatingMethodAccessorImpl.java:43)
	at java.lang.reflect.Method.invoke(Method.java:498)
	at org.apache.maven.surefire.util.ReflectionUtils.invokeMethodWithArray(ReflectionUtils.java:189)
	at org.apache.maven.surefire.booter.ProviderFactory$ProviderProxy.invoke(ProviderFactory.java:165)
	at org.apache.maven.surefire.booter.ProviderFactory.invokeProvider(ProviderFactory.java:85)
	at org.apache.maven.surefire.booter.ForkedBooter.runSuitesInProcess(ForkedBooter.java:115)
	at org.apache.maven.surefire.booter.ForkedBooter.main(ForkedBooter.java:75)
</failure>
    <system-err>Starting ChromeDriver 2.28.455520 (cc17746adff54984afff480136733114c6b3704b) on port 15474
Only local connections are allowed.
янв 15, 2018 2:19:45 PM org.openqa.selenium.remote.ProtocolHandshake createSession
INFO: Detected dialect: OSS
</system-err>
  </testcase>
  <testcase classname="ru.stqa.pft.statr.tests.testforms.TestFourteen" name="testStatistics" time="42.479">
    <skipped/>
  </testcase>
  <testcase classname="ru.stqa.pft.statr.tests.testforms.TestNine" name="setUp" time="42.479">
    <skipped/>
  </testcase>
  <testcase classname="ru.stqa.pft.statr.tests.testforms.TestNine" name="testStatistics" time="42.479">
    <skipped/>
  </testcase>
  <testcase classname="ru.stqa.pft.statr.tests.testforms.TestOne" name="setUp" time="42.479">
    <skipped/>
  </testcase>
  <testcase classname="ru.stqa.pft.statr.tests.testforms.TestOne" name="testStatistics" time="42.48">
    <skipped/>
  </testcase>
  <testcase classname="ru.stqa.pft.statr.tests.testforms.TestSeven" name="setUp" time="42.48">
    <skipped/>
  </testcase>
  <testcase classname="ru.stqa.pft.statr.tests.testforms.TestSeven" name="testStatistics" time="42.48">
    <skipped/>
  </testcase>
  <testcase classname="ru.stqa.pft.statr.tests.testforms.TestSix" name="setUp" time="42.48">
    <skipped/>
  </testcase>
  <testcase classname="ru.stqa.pft.statr.tests.testforms.TestSix" name="testStatistics" time="42.48">
    <skipped/>
  </testcase>
  <testcase classname="ru.stqa.pft.statr.tests.testforms.TestSixteen" name="setUp" time="42.481">
    <skipped/>
  </testcase>
  <testcase classname="ru.stqa.pft.statr.tests.testforms.TestSixteen" name="testStatistics" time="42.481">
    <skipped/>
  </testcase>
  <testcase classname="ru.stqa.pft.statr.tests.testforms.TestTen" name="setUp" time="42.481">
    <skipped/>
  </testcase>
  <testcase classname="ru.stqa.pft.statr.tests.testforms.TestTen" name="testStatistics" time="42.481">
    <skipped/>
  </testcase>
  <testcase classname="ru.stqa.pft.statr.tests.testforms.TestThirteen" name="setUp" time="42.481">
    <skipped/>
  </testcase>
  <testcase classname="ru.stqa.pft.statr.tests.testforms.TestThirteen" name="testStatistics" time="42.481">
    <skipped/>
  </testcase>
  <testcase classname="ru.stqa.pft.statr.tests.testforms.TestThree" name="setUp" time="42.482">
    <skipped/>
  </testcase>
  <testcase classname="ru.stqa.pft.statr.tests.testforms.TestThree" name="testStatistics" time="42.482">
    <skipped/>
  </testcase>
  <testcase classname="ru.stqa.pft.statr.tests.testforms.TestTwelve" name="setUp" time="42.482">
    <skipped/>
  </testcase>
  <testcase classname="ru.stqa.pft.statr.tests.testforms.TestTwelve" name="testStatistics" time="42.482">
    <skipped/>
  </testcase>
  <testcase classname="ru.stqa.pft.statr.tests.testforms.TestTwo" name="setUp" time="42.482">
    <skipped/>
  </testcase>
  <testcase classname="ru.stqa.pft.statr.tests.testforms.TestTwo" name="testStatistics" time="42.482">
    <skipped/>
  </testcase>
  <testcase classname="ru.stqa.pft.statr.tests.TestLogs" name="setUp" time="42.483">
    <skipped/>
  </testcase>
  <testcase classname="ru.stqa.pft.statr.tests.TestLogs" name="testLogs" time="42.483">
    <skipped/>
  </testcase>
  <testcase classname="ru.stqa.pft.statr.tests.TestReportGenerator" name="setUp" time="42.483">
    <skipped/>
  </testcase>
  <testcase classname="ru.stqa.pft.statr.tests.TestReportGenerator" name="testReportGenerator" time="42.483">
    <skipped/>
  </testcase>
  <testcase classname="ru.stqa.pft.statr.tests.testuser.TestUsers" name="setUp" time="42.483">
    <skipped/>
  </testcase>
  <testcase classname="ru.stqa.pft.statr.tests.testuser.TestUsers" name="testUsers" time="42.483">
    <skipped/>
  </testcase>
  <testcase classname="ru.stqa.pft.statr.tests.usergroup.TestUserGroup" name="setUp" time="42.484">
    <skipped/>
  </testcase>
  <testcase classname="ru.stqa.pft.statr.tests.usergroup.TestUserGroup" name="testUserGroup" time="42.484">
    <skipped/>
  </testcase>
</testsuite>