<?xml version="1.0" encoding="UTF-8"?>
<!-- Generated by org.testng.reporters.JUnitReportReporter -->
<testsuite skipped="0" hostname="artur-petin" name="ru.stqa.pft.statr.tests.testforms.TestDannue" tests="1" failures="0" timestamp="15 янв 2018 11:19:49 GMT" time="8.050" errors="0">
  <testcase name="testDannue" time="8.050" classname="ru.stqa.pft.statr.tests.testforms.TestDannue"/>
</testsuite> <!-- ru.stqa.pft.statr.tests.testforms.TestDannue -->
