<?xml version="1.0" encoding="UTF-8"?>
<!-- Generated by org.testng.reporters.JUnitReportReporter -->
<testsuite skipped="0" hostname="artur-petin" name="ru.stqa.pft.statr.tests.testforms.TestEight" tests="1" failures="0" timestamp="15 янв 2018 11:19:49 GMT" time="21.476" errors="0">
  <testcase name="testStatistics" time="21.476" classname="ru.stqa.pft.statr.tests.testforms.TestEight"/>
</testsuite> <!-- ru.stqa.pft.statr.tests.testforms.TestEight -->
