<?xml version="1.0" encoding="UTF-8"?>
<!-- Generated by org.testng.reporters.JUnitReportReporter -->
<testsuite hostname="artur-petin" name="ru.stqa.pft.statr.tests.Reference.TestEditReference" tests="1" failures="0" timestamp="12 Jul 2017 09:36:27 GMT" time="19.167" errors="0">
  <testcase name="testeditReference" time="19.167" classname="ru.stqa.pft.statr.tests.Reference.TestEditReference"/>
</testsuite> <!-- ru.stqa.pft.statr.tests.Reference.TestEditReference -->
