<?xml version="1.0" encoding="UTF-8"?>
<!-- Generated by org.testng.reporters.JUnitReportReporter -->
<testsuite skipped="1" hostname="artur-petin" name="ru.stqa.pft.statr.tests.usergroup.TestUserGroup" tests="1" failures="0" timestamp="15 янв 2018 11:19:49 GMT" time="0.000" errors="0">
  <testcase name="testUserGroup" time="0.000" classname="ru.stqa.pft.statr.tests.usergroup.TestUserGroup">
    <skipped/>
  </testcase> <!-- testUserGroup -->
</testsuite> <!-- ru.stqa.pft.statr.tests.usergroup.TestUserGroup -->
