<?xml version="1.0" encoding="UTF-8"?>
<!-- Generated by org.testng.reporters.JUnitReportReporter -->
<testsuite hostname="artur-petin" name="ru.stqa.pft.statr.tests.Reference.TestDeleteReference" tests="1" failures="0" timestamp="12 Jul 2017 09:36:27 GMT" time="25.940" errors="0">
  <testcase name="deleteReference" time="25.940" classname="ru.stqa.pft.statr.tests.Reference.TestDeleteReference"/>
</testsuite> <!-- ru.stqa.pft.statr.tests.Reference.TestDeleteReference -->
